{"level":"info","message":"POST /login","timestamp":"2024-06-22T01:02:03.135Z"}
{"level":"info","message":"GET /","timestamp":"2024-06-22T01:02:18.874Z","user":{"created_at":"2024-06-17T06:45:12.184Z","email":"yusa82401@gmail.com","exp":1719019923,"iat":1719018123,"id":3,"phone":"0847737746773","role_id":1,"status_id":1,"updated_at":"2024-06-17T06:45:26.674Z"}}
{"level":"info","message":"POST /login","timestamp":"2024-06-22T05:03:37.933Z"}
{"level":"info","message":"GET /:2","timestamp":"2024-06-22T05:04:05.267Z","user":{"created_at":"2024-06-17T06:45:12.184Z","email":"yusa82401@gmail.com","exp":1719034418,"iat":1719032618,"id":3,"phone":"0847737746773","role_id":1,"status_id":1,"updated_at":"2024-06-17T06:45:26.674Z"}}
{"level":"info","message":"POST /login","timestamp":"2024-06-22T13:29:54.516Z"}
{"level":"info","message":"POST /register","timestamp":"2024-06-22T13:31:40.893Z"}
{"level":"info","message":"POST /login","timestamp":"2024-06-22T13:34:07.049Z"}
{"level":"info","message":"GET /verify-email?token=eyJhbGciOiJIUzI1NiIsInR5cCI6IkpXVCJ9.eyJpZCI6MSwiZW1haWwiOiJ5dXNhODI0MDFAZ21haWwuY29tIiwicGhvbmUiOiIwODY0NTE3ODI2NzgxIiwiY3JlYXRlZF9hdCI6IjIwMjQtMDYtMjJUMTM6MzE6NDIuNjQ5WiIsInVwZGF0ZWRfYXQiOiIyMDI0LTA2LTIyVDEzOjMxOjQyLjY0OVoiLCJzdGF0dXNfaWQiOjIsInJvbGVfaWQiOjEsImlhdCI6MTcxOTA2MzEwMiwiZXhwIjoxNzE5MDY0OTAyfQ.Qcgwd-42MqDDdTA6Q7sjiKF3spnkt6EzjJt8VAjSgv0","timestamp":"2024-06-22T13:34:41.588Z"}
{"level":"info","message":"POST /login","timestamp":"2024-06-22T13:34:55.187Z"}
{"level":"info","message":"GET /1","timestamp":"2024-06-22T13:36:14.242Z","user":{"created_at":"2024-06-22T13:31:42.649Z","email":"yusa82401@gmail.com","exp":1719065095,"iat":1719063295,"id":1,"phone":"0864517826781","role_id":1,"status_id":1,"updated_at":"2024-06-22T13:34:41.597Z"}}
{"level":"info","message":"GET /:1","timestamp":"2024-06-22T13:36:33.053Z","user":{"created_at":"2024-06-22T13:31:42.649Z","email":"yusa82401@gmail.com","exp":1719065095,"iat":1719063295,"id":1,"phone":"0864517826781","role_id":1,"status_id":1,"updated_at":"2024-06-22T13:34:41.597Z"}}
{"level":"info","message":"POST /login","timestamp":"2024-06-22T13:36:46.051Z"}
{"level":"info","message":"GET /1","timestamp":"2024-06-22T13:37:08.674Z","user":{"created_at":"2024-06-22T13:31:42.649Z","email":"yusa82401@gmail.com","exp":1719065206,"iat":1719063406,"id":1,"phone":"0864517826781","role_id":1,"status_id":1,"updated_at":"2024-06-22T13:34:41.597Z"}}
{"level":"info","message":"POST /login","timestamp":"2024-06-22T13:37:44.833Z"}
{"level":"info","message":"GET /1","timestamp":"2024-06-22T13:38:04.916Z","user":{"created_at":"2024-06-22T13:31:42.649Z","email":"yusa82401@gmail.com","exp":1719065264,"iat":1719063464,"id":1,"phone":"0864517826781","role_id":1,"status_id":1,"updated_at":"2024-06-22T13:34:41.597Z"}}
{"level":"info","message":"GET /:2","timestamp":"2024-06-22T13:38:31.595Z","user":{"created_at":"2024-06-22T13:31:42.649Z","email":"yusa82401@gmail.com","exp":1719065264,"iat":1719063464,"id":1,"phone":"0864517826781","role_id":1,"status_id":1,"updated_at":"2024-06-22T13:34:41.597Z"}}
{"level":"info","message":"GET /2","timestamp":"2024-06-22T13:38:43.600Z","user":{"created_at":"2024-06-22T13:31:42.649Z","email":"yusa82401@gmail.com","exp":1719065264,"iat":1719063464,"id":1,"phone":"0864517826781","role_id":1,"status_id":1,"updated_at":"2024-06-22T13:34:41.597Z"}}
{"level":"info","message":"POST /login","timestamp":"2024-06-22T13:38:49.569Z"}
{"level":"info","message":"GET /2","timestamp":"2024-06-22T13:39:10.936Z","user":{"created_at":"2024-06-22T13:31:42.649Z","email":"yusa82401@gmail.com","exp":1719065329,"iat":1719063529,"id":1,"phone":"0864517826781","role_id":1,"status_id":1,"updated_at":"2024-06-22T13:34:41.597Z"}}
{"level":"info","message":"GET /1","timestamp":"2024-06-22T13:39:19.034Z","user":{"created_at":"2024-06-22T13:31:42.649Z","email":"yusa82401@gmail.com","exp":1719065329,"iat":1719063529,"id":1,"phone":"0864517826781","role_id":1,"status_id":1,"updated_at":"2024-06-22T13:34:41.597Z"}}
{"level":"info","message":"POST /login","timestamp":"2024-06-22T13:39:29.078Z"}
{"level":"info","message":"GET /1","timestamp":"2024-06-22T13:39:45.076Z","user":{"created_at":"2024-06-22T13:31:42.649Z","email":"yusa82401@gmail.com","exp":1719065369,"iat":1719063569,"id":1,"phone":"0864517826781","role_id":1,"status_id":1,"updated_at":"2024-06-22T13:34:41.597Z"}}
{"level":"info","message":"GET /","timestamp":"2024-06-22T13:39:56.243Z","user":{"created_at":"2024-06-22T13:31:42.649Z","email":"yusa82401@gmail.com","exp":1719065369,"iat":1719063569,"id":1,"phone":"0864517826781","role_id":1,"status_id":1,"updated_at":"2024-06-22T13:34:41.597Z"}}
{"level":"info","message":"POST /register","timestamp":"2024-06-22T16:37:03.687Z"}
{"level":"info","message":"GET /verify-email?token=eyJhbGciOiJIUzI1NiIsInR5cCI6IkpXVCJ9.eyJpZCI6MSwiZW1haWwiOiJ5dXNhODI0MDFAZ21haWwuY29tIiwicGhvbmUiOiIwODY0NTE3ODI2NzgxIiwiY3JlYXRlZF9hdCI6IjIwMjQtMDYtMjJUMTY6Mzc6MDMuODA4WiIsInVwZGF0ZWRfYXQiOiIyMDI0LTA2LTIyVDE2OjM3OjAzLjgwOFoiLCJzdGF0dXNfaWQiOjIsInJvbGVfaWQiOjEsImlhdCI6MTcxOTA3NDIyMywiZXhwIjoxNzE5MDc2MDIzfQ.9o3Lnvft0EViGiqctQdhRINYbC2dcFETrFnE1zC_1ao","timestamp":"2024-06-22T16:37:21.615Z"}
{"level":"info","message":"POST /register","timestamp":"2024-06-22T16:45:40.222Z"}
{"level":"info","message":"GET /verify-email?token=eyJhbGciOiJIUzI1NiIsInR5cCI6IkpXVCJ9.eyJpZCI6MSwiZW1haWwiOiJ5dXNhODI0MDFAZ21haWwuY29tIiwicGhvbmUiOiIwODY0NTE3ODI2NzgxIiwiY3JlYXRlZF9hdCI6IjIwMjQtMDYtMjJUMTY6NDU6NDAuMzA4WiIsInVwZGF0ZWRfYXQiOiIyMDI0LTA2LTIyVDE2OjQ1OjQwLjMwOFoiLCJzdGF0dXNfaWQiOjIsInJvbGVfaWQiOjEsImlhdCI6MTcxOTA3NDc0MCwiZXhwIjoxNzE5MDc2NTQwfQ.-RssgY6wmi5XE9EYBUQLNqW7ePmZD5Z2s6PJc2crpRw","timestamp":"2024-06-22T16:45:50.128Z"}
